[2023-06-09T14:29:07.462] [INFO] Server - Server is listening on port 3000
[2023-06-09T14:29:14.033] [INFO] Server - GET undefined /migration/css/my-style.css
[2023-06-09T14:29:14.038] [INFO] Server - GET undefined /migration/js/index.js
[2023-06-09T14:29:14.077] [INFO] Server - GET undefined /favicon.ico
[2023-06-09T14:30:51.808] [INFO] Server - GET undefined /migration/css/bootstrap.min.css
[2023-06-09T14:30:51.813] [INFO] Server - GET undefined /migration/css/my-style.css
[2023-06-09T14:30:51.815] [INFO] Server - GET undefined /migration/js/bootstrap.min.js
[2023-06-09T14:30:51.815] [INFO] Server - GET undefined /migration/js/index.js
[2023-06-09T14:30:53.713] [INFO] Server - GET undefined /migration/css/bootstrap.min.css
[2023-06-09T14:30:53.716] [INFO] Server - GET undefined /migration/css/my-style.css
[2023-06-09T14:30:53.718] [INFO] Server - GET undefined /migration/js/bootstrap.min.js
[2023-06-09T14:30:53.718] [INFO] Server - GET undefined /migration/js/index.js
[2023-06-09T14:30:56.544] [INFO] Server - Server is listening on port 3000
[2023-06-09T14:30:58.361] [INFO] Server - GET undefined /migration/css/bootstrap.min.css
[2023-06-09T14:30:58.363] [INFO] Server - GET undefined /migration/css/my-style.css
[2023-06-09T14:30:58.364] [INFO] Server - GET undefined /migration/js/bootstrap.min.js
[2023-06-09T14:30:58.364] [INFO] Server - GET undefined /migration/js/index.js
[2023-06-09T14:30:59.165] [INFO] Server - GET undefined /migration/css/bootstrap.min.css
[2023-06-09T14:30:59.167] [INFO] Server - GET undefined /migration/css/my-style.css
[2023-06-09T14:30:59.168] [INFO] Server - GET undefined /migration/js/bootstrap.min.js
[2023-06-09T14:30:59.173] [INFO] Server - GET undefined /migration/js/index.js
[2023-06-09T14:30:59.183] [INFO] Server - GET undefined /favicon.ico
[2023-06-09T14:31:00.464] [INFO] Server - GET undefined /migration/css/bootstrap.min.css
[2023-06-09T14:31:00.466] [INFO] Server - GET undefined /migration/css/my-style.css
[2023-06-09T14:31:02.539] [INFO] Server - GET undefined /migration/css/bootstrap.min.css
[2023-06-09T14:31:02.540] [INFO] Server - GET undefined /migration/css/my-style.css
[2023-06-09T14:31:02.541] [INFO] Server - GET undefined /migration/js/bootstrap.min.js
[2023-06-09T14:31:02.542] [INFO] Server - GET undefined /migration/js/index.js
[2023-06-09T14:31:03.424] [INFO] Server - GET undefined /migration/css/bootstrap.min.css
[2023-06-09T14:31:03.424] [INFO] Server - GET undefined /migration/css/my-style.css
[2023-06-09T14:31:03.425] [INFO] Server - GET undefined /migration/js/bootstrap.min.js
[2023-06-09T14:31:03.426] [INFO] Server - GET undefined /migration/js/index.js
[2023-06-09T14:31:05.397] [INFO] Server - GET undefined /migration/css/bootstrap.min.css
[2023-06-09T14:31:05.398] [INFO] Server - GET undefined /migration/css/my-style.css
[2023-06-09T14:31:05.401] [INFO] Server - GET undefined /migration/js/bootstrap.min.js
[2023-06-09T14:31:05.402] [INFO] Server - GET undefined /migration/js/index.js
[2023-06-09T14:43:09.066] [INFO] Server - POST undefined /api/migrate/libraries
[2023-06-09T14:43:39.904] [INFO] Server - POST undefined /api/migrate/fdsff
[2023-06-09T14:48:52.406] [INFO] Server - Server is listening on port 3000
[2023-06-09T14:48:58.057] [INFO] Server - POST undefined /api/migrate/securityKeys
[2023-06-09T14:50:28.314] [INFO] Server - Server is listening on port 3000
[2023-06-09T14:52:14.704] [INFO] Server - POST undefined /api/migrate/securityKeys
[2023-06-09T15:01:13.284] [INFO] Server - Server is listening on port 3000
[2023-06-09T15:01:49.871] [INFO] Server - Server is listening on port 3000
[2023-06-09T15:03:02.283] [INFO] Server - Server is listening on port 3000
[2023-06-09T15:20:26.268] [INFO] Server - Server is listening on port 3000
[2023-06-09T15:20:37.183] [INFO] Server - POST undefined /api/migrate/securityKeys
[2023-06-09T15:26:31.147] [INFO] Server - Server is listening on port 3000
[2023-06-09T15:26:33.490] [INFO] Server - POST undefined /api/migrate/securityKeys
[2023-06-09T15:30:47.230] [INFO] Server - POST undefined /api/migrate/securityKeys
[2023-06-09T15:32:11.960] [INFO] Server - POST undefined /api/migrate/securityKeys
[2023-06-09T15:32:56.477] [INFO] Server - Server is listening on port 3000
[2023-06-09T15:33:14.642] [INFO] Server - POST undefined /api/migrate/securityKeys
[2023-06-09T15:35:01.404] [INFO] Server - POST undefined /api/migrate/securityKeys
[2023-06-09T15:36:49.627] [INFO] Server - POST undefined /api/migrate/securityKeys
[2023-06-09T15:42:12.893] [INFO] Server - POST undefined /api/migrate/dataService
[2023-06-09T15:51:45.741] [INFO] Server - Server is listening on port 3000
[2023-06-09T15:53:00.657] [INFO] Server - Server is listening on port 3000
[2023-06-09T15:54:15.721] [INFO] Server - Server is listening on port 3000
[2023-06-09T15:54:20.539] [INFO] Server - GET undefined /api/migrate/securityKeys/logs
[2023-06-09T15:54:21.614] [INFO] Server - GET undefined /api/migrate/securityKeys/logs
[2023-06-09T15:54:27.171] [INFO] Server - POST undefined /api/migrate/securityKeys
[2023-06-09T15:54:45.298] [INFO] Server - Server is listening on port 3000
[2023-06-09T15:54:55.977] [INFO] Server - GET undefined /api/migrate/securityKeys/log
[2023-06-09T15:55:00.187] [INFO] Server - POST undefined /api/migrate/securityKeys
[2023-06-09T15:55:27.677] [INFO] Server - Server is listening on port 3000
[2023-06-09T15:55:34.727] [INFO] Server - GET undefined /api/migrate/securityKeys/log
[2023-06-09T15:55:37.517] [INFO] Server - POST undefined /api/migrate/securityKeys
[2023-06-09T15:56:47.860] [INFO] Server - Server is listening on port 3000
[2023-06-09T15:56:59.107] [INFO] Server - GET undefined /api/migrate/securityKeys/log
[2023-06-09T15:57:01.318] [INFO] Server - POST undefined /api/migrate/securityKeys
[2023-06-09T15:57:14.893] [INFO] Server - GET undefined /api/migrate/securityKeys/log
[2023-06-09T15:57:16.419] [INFO] Server - POST undefined /api/migrate/securityKeys
[2023-06-09T15:57:50.808] [INFO] Server - GET undefined /api/migrate/securityKeys/log
[2023-06-09T15:57:51.746] [INFO] Server - POST undefined /api/migrate/securityKeys
[2023-06-09T15:59:41.919] [INFO] Server - Server is listening on port 3000
[2023-06-09T15:59:44.029] [INFO] Server - GET undefined /api/migrate/securityKeys/log
[2023-06-09T15:59:45.239] [INFO] Server - POST undefined /api/migrate/securityKeys
[2023-06-09T16:03:31.365] [INFO] Server - Server is listening on port 3000
[2023-06-09T16:03:38.892] [INFO] Server - GET undefined /api/migrate/securityKeys/log
[2023-06-09T16:03:39.089] [INFO] Server - GET undefined /api/migrate/securityKeys/log
[2023-06-09T16:03:39.289] [INFO] Server - GET undefined /api/migrate/securityKeys/log
[2023-06-09T16:03:39.491] [INFO] Server - GET undefined /api/migrate/securityKeys/log
[2023-06-09T16:03:39.687] [INFO] Server - GET undefined /api/migrate/securityKeys/log
[2023-06-09T16:03:39.888] [INFO] Server - GET undefined /api/migrate/securityKeys/log
[2023-06-09T16:03:40.088] [INFO] Server - GET undefined /api/migrate/securityKeys/log
[2023-06-09T16:03:40.292] [INFO] Server - GET undefined /api/migrate/securityKeys/log
[2023-06-09T16:03:40.489] [INFO] Server - GET undefined /api/migrate/securityKeys/log
[2023-06-09T16:03:40.690] [INFO] Server - GET undefined /api/migrate/securityKeys/log
[2023-06-09T16:03:40.889] [INFO] Server - GET undefined /api/migrate/securityKeys/log
[2023-06-09T16:03:41.111] [INFO] Server - GET undefined /api/migrate/securityKeys/log
[2023-06-09T16:03:41.293] [INFO] Server - GET undefined /api/migrate/securityKeys/log
[2023-06-09T16:03:41.486] [INFO] Server - GET undefined /api/migrate/securityKeys/log
[2023-06-09T16:03:41.690] [INFO] Server - GET undefined /api/migrate/securityKeys/log
[2023-06-09T16:03:41.889] [INFO] Server - GET undefined /api/migrate/securityKeys/log
[2023-06-09T16:03:42.084] [INFO] Server - GET undefined /api/migrate/securityKeys/log
[2023-06-09T16:03:42.291] [INFO] Server - GET undefined /api/migrate/securityKeys/log
[2023-06-09T16:03:42.409] [INFO] Server - POST undefined /api/migrate/securityKeys
[2023-06-09T16:03:42.484] [INFO] Server - GET undefined /api/migrate/securityKeys/log
[2023-06-09T16:03:42.697] [INFO] Server - GET undefined /api/migrate/securityKeys/log
[2023-06-09T16:03:44.498] [INFO] Server - GET undefined /api/migrate/securityKeys/log
[2023-06-09T16:03:44.608] [INFO] Server - GET undefined /api/migrate/securityKeys/log
[2023-06-09T16:03:44.783] [INFO] Server - GET undefined /api/migrate/securityKeys/log
[2023-06-09T16:03:44.967] [INFO] Server - GET undefined /api/migrate/securityKeys/log
[2023-06-09T16:03:45.400] [INFO] Server - GET undefined /api/migrate/securityKeys/log
[2023-06-09T16:03:45.514] [INFO] Server - GET undefined /api/migrate/securityKeys/log
[2023-06-09T16:03:48.174] [INFO] Server - GET undefined /api/migrate/securityKeys/log
[2023-06-09T16:03:48.631] [INFO] Server - GET undefined /api/migrate/securityKeys/log
[2023-06-09T16:03:49.049] [INFO] Server - GET undefined /api/migrate/securityKeys/log
[2023-06-09T16:03:49.298] [INFO] Server - GET undefined /api/migrate/securityKeys/log
[2023-06-09T16:03:49.529] [INFO] Server - GET undefined /api/migrate/securityKeys/log
[2023-06-09T16:03:49.551] [INFO] Server - GET undefined /api/migrate/securityKeys/log
[2023-06-09T16:03:50.671] [INFO] Server - GET undefined /api/migrate/securityKeys/log
[2023-06-09T16:03:51.310] [INFO] Server - GET undefined /api/migrate/securityKeys/log
[2023-06-09T16:03:52.529] [INFO] Server - GET undefined /api/migrate/securityKeys/log
[2023-06-09T16:03:53.029] [INFO] Server - GET undefined /api/migrate/securityKeys/log
[2023-06-09T16:03:53.371] [INFO] Server - GET undefined /api/migrate/securityKeys/log
[2023-06-09T16:03:53.459] [INFO] Server - GET undefined /api/migrate/securityKeys/log
[2023-06-09T16:03:54.027] [INFO] Server - GET undefined /api/migrate/securityKeys/log
[2023-06-09T16:03:54.238] [INFO] Server - GET undefined /api/migrate/securityKeys/log
[2023-06-09T16:03:55.051] [INFO] Server - GET undefined /api/migrate/securityKeys/log
[2023-06-09T16:03:55.854] [INFO] Server - GET undefined /api/migrate/securityKeys/log
[2023-06-09T16:03:56.905] [INFO] Server - GET undefined /api/migrate/securityKeys/log
[2023-06-09T16:03:57.056] [INFO] Server - GET undefined /api/migrate/securityKeys/log
[2023-06-09T16:03:57.723] [INFO] Server - GET undefined /api/migrate/securityKeys/log
[2023-06-09T16:03:57.862] [INFO] Server - GET undefined /api/migrate/securityKeys/log
[2023-06-09T16:03:58.310] [INFO] Server - GET undefined /api/migrate/securityKeys/log
[2023-06-09T16:03:58.618] [INFO] Server - GET undefined /api/migrate/securityKeys/log
[2023-06-09T16:03:59.810] [INFO] Server - GET undefined /api/migrate/securityKeys/log
[2023-06-09T16:04:00.177] [INFO] Server - GET undefined /api/migrate/securityKeys/log
[2023-06-09T16:04:01.347] [INFO] Server - GET undefined /api/migrate/securityKeys/log
[2023-06-09T16:04:01.489] [INFO] Server - GET undefined /api/migrate/securityKeys/log
[2023-06-09T16:04:01.856] [INFO] Server - GET undefined /api/migrate/securityKeys/log
[2023-06-09T16:04:02.091] [INFO] Server - GET undefined /api/migrate/securityKeys/log
[2023-06-09T16:04:02.796] [INFO] Server - GET undefined /api/migrate/securityKeys/log
[2023-06-09T16:04:02.992] [INFO] Server - GET undefined /api/migrate/securityKeys/log
[2023-06-09T16:04:04.492] [INFO] Server - GET undefined /api/migrate/securityKeys/log
[2023-06-09T16:04:04.924] [INFO] Server - GET undefined /api/migrate/securityKeys/log
[2023-06-09T16:04:05.669] [INFO] Server - GET undefined /api/migrate/securityKeys/log
[2023-06-09T16:04:05.937] [INFO] Server - GET undefined /api/migrate/securityKeys/log
[2023-06-09T16:04:06.374] [INFO] Server - GET undefined /api/migrate/securityKeys/log
[2023-06-09T16:04:06.416] [INFO] Server - GET undefined /api/migrate/securityKeys/log
[2023-06-09T16:04:07.117] [INFO] Server - GET undefined /api/migrate/securityKeys/log
[2023-06-09T16:04:07.531] [INFO] Server - GET undefined /api/migrate/securityKeys/log
[2023-06-09T16:04:08.369] [INFO] Server - GET undefined /api/migrate/securityKeys/log
[2023-06-09T16:04:09.188] [INFO] Server - GET undefined /api/migrate/securityKeys/log
[2023-06-09T16:04:10.016] [INFO] Server - GET undefined /api/migrate/securityKeys/log
[2023-06-09T16:04:10.046] [INFO] Server - GET undefined /api/migrate/securityKeys/log
[2023-06-09T16:04:10.648] [INFO] Server - GET undefined /api/migrate/securityKeys/log
[2023-06-09T16:04:10.920] [INFO] Server - GET undefined /api/migrate/securityKeys/log
[2023-06-09T16:04:11.249] [INFO] Server - GET undefined /api/migrate/securityKeys/log
[2023-06-09T16:04:11.729] [INFO] Server - GET undefined /api/migrate/securityKeys/log
[2023-06-09T16:04:13.313] [INFO] Server - GET undefined /api/migrate/securityKeys/log
[2023-06-09T16:04:14.400] [INFO] Server - GET undefined /api/migrate/securityKeys/log
[2023-06-09T16:04:14.755] [INFO] Server - GET undefined /api/migrate/securityKeys/log
[2023-06-09T16:04:14.936] [INFO] Server - GET undefined /api/migrate/securityKeys/log
[2023-06-09T16:04:15.087] [INFO] Server - GET undefined /api/migrate/securityKeys/log
[2023-06-09T16:04:17.194] [INFO] Server - GET undefined /api/migrate/securityKeys/log
[2023-06-09T16:04:17.384] [INFO] Server - GET undefined /api/migrate/securityKeys/log
[2023-06-09T16:04:17.602] [INFO] Server - GET undefined /api/migrate/securityKeys/log
[2023-06-09T16:04:17.782] [INFO] Server - GET undefined /api/migrate/securityKeys/log
[2023-06-09T16:04:17.982] [INFO] Server - GET undefined /api/migrate/securityKeys/log
[2023-06-09T16:04:18.184] [INFO] Server - GET undefined /api/migrate/securityKeys/log
[2023-06-09T16:04:18.386] [INFO] Server - GET undefined /api/migrate/securityKeys/log
[2023-06-09T16:04:18.588] [INFO] Server - GET undefined /api/migrate/securityKeys/log
[2023-06-09T16:04:18.784] [INFO] Server - GET undefined /api/migrate/securityKeys/log
[2023-06-09T16:04:19.000] [INFO] Server - GET undefined /api/migrate/securityKeys/log
[2023-06-09T16:04:19.187] [INFO] Server - GET undefined /api/migrate/securityKeys/log
[2023-06-09T16:04:19.385] [INFO] Server - GET undefined /api/migrate/securityKeys/log
[2023-06-09T16:04:19.584] [INFO] Server - GET undefined /api/migrate/securityKeys/log
[2023-06-09T16:04:19.786] [INFO] Server - GET undefined /api/migrate/securityKeys/log
[2023-06-09T16:04:19.984] [INFO] Server - GET undefined /api/migrate/securityKeys/log
[2023-06-09T16:04:20.190] [INFO] Server - GET undefined /api/migrate/securityKeys/log
[2023-06-09T16:04:20.387] [INFO] Server - GET undefined /api/migrate/securityKeys/log
[2023-06-09T16:04:20.583] [INFO] Server - GET undefined /api/migrate/securityKeys/log
[2023-06-09T16:04:23.810] [INFO] Server - GET undefined /api/migrate/securityKeys/log
[2023-06-09T16:04:23.960] [INFO] Server - GET undefined /api/migrate/securityKeys/log
[2023-06-09T16:04:23.964] [INFO] Server - GET undefined /api/migrate/securityKeys/log
[2023-06-09T16:04:23.965] [INFO] Server - GET undefined /api/migrate/securityKeys/log
[2023-06-09T16:04:23.966] [INFO] Server - GET undefined /api/migrate/securityKeys/log
[2023-06-09T16:04:23.967] [INFO] Server - GET undefined /api/migrate/securityKeys/log
[2023-06-09T16:04:23.975] [INFO] Server - GET undefined /api/migrate/securityKeys/log
[2023-06-09T16:04:23.987] [INFO] Server - GET undefined /api/migrate/securityKeys/log
[2023-06-09T16:04:24.053] [INFO] Server - GET undefined /favicon.ico
[2023-06-09T16:04:24.255] [INFO] Server - GET undefined /api/migrate/securityKeys/log
[2023-06-09T16:04:24.457] [INFO] Server - GET undefined /api/migrate/securityKeys/log
[2023-06-09T16:04:24.688] [INFO] Server - GET undefined /favicon.ico
[2023-06-09T16:04:24.880] [INFO] Server - GET undefined /api/migrate/securityKeys/log
[2023-06-09T16:04:25.082] [INFO] Server - GET undefined /api/migrate/securityKeys/log
[2023-06-09T16:04:25.282] [INFO] Server - GET undefined /api/migrate/securityKeys/log
[2023-06-09T16:04:25.481] [INFO] Server - GET undefined /api/migrate/securityKeys/log
[2023-06-09T16:04:25.671] [INFO] Server - GET undefined /api/migrate/securityKeys/log
[2023-06-09T16:04:25.831] [INFO] Server - GET undefined /favicon.ico
[2023-06-09T16:04:26.030] [INFO] Server - GET undefined /api/migrate/securityKeys/log
[2023-06-09T16:04:26.247] [INFO] Server - GET undefined /api/migrate/securityKeys/log
[2023-06-09T16:04:26.297] [INFO] Server - GET undefined /favicon.ico
[2023-06-09T16:04:26.483] [INFO] Server - GET undefined /favicon.ico
[2023-06-09T16:04:26.760] [INFO] Server - GET undefined /favicon.ico
[2023-06-09T16:04:26.876] [INFO] Server - GET undefined /favicon.ico
[2023-06-09T16:04:27.091] [INFO] Server - GET undefined /favicon.ico
[2023-06-09T16:04:27.277] [INFO] Server - GET undefined /favicon.ico
[2023-06-09T16:04:27.447] [INFO] Server - GET undefined /favicon.ico
[2023-06-09T16:04:27.629] [INFO] Server - GET undefined /favicon.ico
[2023-06-09T16:04:27.824] [INFO] Server - GET undefined /api/migrate/securityKeys/log
[2023-06-09T16:04:28.022] [INFO] Server - GET undefined /api/migrate/securityKeys/log
[2023-06-09T16:04:28.240] [INFO] Server - GET undefined /api/migrate/securityKeys/log
[2023-06-09T16:04:28.428] [INFO] Server - GET undefined /api/migrate/securityKeys/log
[2023-06-09T16:04:28.621] [INFO] Server - GET undefined /api/migrate/securityKeys/log
[2023-06-09T16:04:28.834] [INFO] Server - GET undefined /api/migrate/securityKeys/log
[2023-06-09T16:04:29.025] [INFO] Server - GET undefined /api/migrate/securityKeys/log
[2023-06-09T16:04:29.242] [INFO] Server - GET undefined /api/migrate/securityKeys/log
[2023-06-09T16:04:29.425] [INFO] Server - GET undefined /api/migrate/securityKeys/log
[2023-06-09T16:04:29.625] [INFO] Server - GET undefined /api/migrate/securityKeys/log
[2023-06-09T16:04:29.821] [INFO] Server - GET undefined /api/migrate/securityKeys/log
[2023-06-09T16:04:30.025] [INFO] Server - GET undefined /api/migrate/securityKeys/log
[2023-06-09T16:04:30.232] [INFO] Server - GET undefined /api/migrate/securityKeys/log
[2023-06-09T16:04:30.422] [INFO] Server - GET undefined /api/migrate/securityKeys/log
[2023-06-09T16:04:30.634] [INFO] Server - GET undefined /api/migrate/securityKeys/log
[2023-06-09T16:04:30.833] [INFO] Server - GET undefined /api/migrate/securityKeys/log
[2023-06-09T16:04:31.024] [INFO] Server - GET undefined /api/migrate/securityKeys/log
[2023-06-09T16:04:31.224] [INFO] Server - GET undefined /api/migrate/securityKeys/log
[2023-06-09T16:04:31.427] [INFO] Server - GET undefined /api/migrate/securityKeys/log
[2023-06-09T16:04:31.622] [INFO] Server - GET undefined /api/migrate/securityKeys/log
[2023-06-09T16:04:31.826] [INFO] Server - GET undefined /api/migrate/securityKeys/log
[2023-06-09T16:04:32.028] [INFO] Server - GET undefined /api/migrate/securityKeys/log
[2023-06-09T16:04:32.223] [INFO] Server - GET undefined /api/migrate/securityKeys/log
[2023-06-09T16:04:32.423] [INFO] Server - GET undefined /api/migrate/securityKeys/log
[2023-06-09T16:04:32.626] [INFO] Server - GET undefined /api/migrate/securityKeys/log
[2023-06-09T16:04:32.826] [INFO] Server - GET undefined /api/migrate/securityKeys/log
[2023-06-09T16:04:33.024] [INFO] Server - GET undefined /api/migrate/securityKeys/log
[2023-06-09T16:04:33.225] [INFO] Server - GET undefined /api/migrate/securityKeys/log
[2023-06-09T16:04:33.424] [INFO] Server - GET undefined /api/migrate/securityKeys/log
[2023-06-09T16:04:33.623] [INFO] Server - GET undefined /api/migrate/securityKeys/log
[2023-06-09T16:04:33.824] [INFO] Server - GET undefined /api/migrate/securityKeys/log
[2023-06-09T16:04:34.023] [INFO] Server - GET undefined /api/migrate/securityKeys/log
[2023-06-09T16:04:34.228] [INFO] Server - GET undefined /api/migrate/securityKeys/log
[2023-06-09T16:04:34.424] [INFO] Server - GET undefined /api/migrate/securityKeys/log
[2023-06-09T16:04:34.630] [INFO] Server - GET undefined /api/migrate/securityKeys/log
[2023-06-09T16:04:34.828] [INFO] Server - GET undefined /api/migrate/securityKeys/log
[2023-06-09T16:04:35.026] [INFO] Server - GET undefined /api/migrate/securityKeys/log
[2023-06-09T16:04:35.236] [INFO] Server - GET undefined /api/migrate/securityKeys/log
[2023-06-09T16:04:35.430] [INFO] Server - GET undefined /api/migrate/securityKeys/log
[2023-06-09T16:04:35.627] [INFO] Server - GET undefined /api/migrate/securityKeys/log
[2023-06-09T16:04:35.828] [INFO] Server - GET undefined /api/migrate/securityKeys/log
[2023-06-09T16:04:36.029] [INFO] Server - GET undefined /api/migrate/securityKeys/log
[2023-06-09T16:04:36.223] [INFO] Server - GET undefined /api/migrate/securityKeys/log
[2023-06-09T16:04:36.435] [INFO] Server - GET undefined /api/migrate/securityKeys/log
[2023-06-09T16:04:36.623] [INFO] Server - GET undefined /api/migrate/securityKeys/log
[2023-06-09T16:04:36.825] [INFO] Server - GET undefined /api/migrate/securityKeys/log
[2023-06-09T16:04:37.025] [INFO] Server - GET undefined /api/migrate/securityKeys/log
[2023-06-09T16:04:37.223] [INFO] Server - GET undefined /api/migrate/securityKeys/log
[2023-06-09T16:04:37.435] [INFO] Server - GET undefined /api/migrate/securityKeys/log
[2023-06-09T16:04:37.621] [INFO] Server - GET undefined /api/migrate/securityKeys/log
[2023-06-09T16:04:37.841] [INFO] Server - GET undefined /api/migrate/securityKeys/log
[2023-06-09T16:04:38.023] [INFO] Server - GET undefined /api/migrate/securityKeys/log
[2023-06-09T16:04:38.228] [INFO] Server - GET undefined /api/migrate/securityKeys/log
[2023-06-09T16:04:38.430] [INFO] Server - GET undefined /api/migrate/securityKeys/log
[2023-06-09T16:04:38.622] [INFO] Server - GET undefined /api/migrate/securityKeys/log
[2023-06-09T16:04:38.831] [INFO] Server - GET undefined /api/migrate/securityKeys/log
[2023-06-09T16:04:39.023] [INFO] Server - GET undefined /api/migrate/securityKeys/log
[2023-06-09T16:04:39.240] [INFO] Server - GET undefined /api/migrate/securityKeys/log
[2023-06-09T16:04:39.427] [INFO] Server - GET undefined /api/migrate/securityKeys/log
[2023-06-09T16:04:39.627] [INFO] Server - GET undefined /api/migrate/securityKeys/log
[2023-06-09T16:04:39.823] [INFO] Server - GET undefined /api/migrate/securityKeys/log
[2023-06-09T16:04:40.030] [INFO] Server - GET undefined /api/migrate/securityKeys/log
[2023-06-09T16:04:40.223] [INFO] Server - GET undefined /api/migrate/securityKeys/log
[2023-06-09T16:04:40.423] [INFO] Server - GET undefined /api/migrate/securityKeys/log
[2023-06-09T16:04:40.627] [INFO] Server - GET undefined /api/migrate/securityKeys/log
[2023-06-09T16:04:40.827] [INFO] Server - GET undefined /api/migrate/securityKeys/log
[2023-06-09T16:04:41.029] [INFO] Server - GET undefined /api/migrate/securityKeys/log
[2023-06-09T16:04:41.222] [INFO] Server - GET undefined /api/migrate/securityKeys/log
[2023-06-09T16:04:41.428] [INFO] Server - GET undefined /api/migrate/securityKeys/log
[2023-06-09T16:04:41.628] [INFO] Server - GET undefined /api/migrate/securityKeys/log
[2023-06-09T16:04:41.827] [INFO] Server - GET undefined /api/migrate/securityKeys/log
[2023-06-09T16:04:42.023] [INFO] Server - GET undefined /api/migrate/securityKeys/log
[2023-06-09T16:04:42.227] [INFO] Server - GET undefined /api/migrate/securityKeys/log
[2023-06-09T16:04:42.421] [INFO] Server - GET undefined /api/migrate/securityKeys/log
[2023-06-09T16:04:42.628] [INFO] Server - GET undefined /api/migrate/securityKeys/log
[2023-06-09T16:04:42.821] [INFO] Server - GET undefined /api/migrate/securityKeys/log
[2023-06-09T16:04:43.023] [INFO] Server - GET undefined /api/migrate/securityKeys/log
[2023-06-09T16:04:43.233] [INFO] Server - GET undefined /api/migrate/securityKeys/log
[2023-06-09T16:04:43.425] [INFO] Server - GET undefined /api/migrate/securityKeys/log
[2023-06-09T16:04:43.624] [INFO] Server - GET undefined /api/migrate/securityKeys/log
[2023-06-09T16:04:43.822] [INFO] Server - GET undefined /api/migrate/securityKeys/log
[2023-06-09T16:04:44.029] [INFO] Server - GET undefined /api/migrate/securityKeys/log
[2023-06-09T16:04:44.223] [INFO] Server - GET undefined /api/migrate/securityKeys/log
[2023-06-09T16:04:44.427] [INFO] Server - GET undefined /api/migrate/securityKeys/log
[2023-06-09T16:04:44.625] [INFO] Server - GET undefined /api/migrate/securityKeys/log
[2023-06-09T16:04:44.829] [INFO] Server - GET undefined /api/migrate/securityKeys/log
[2023-06-09T16:04:45.021] [INFO] Server - GET undefined /api/migrate/securityKeys/log
[2023-06-09T16:04:45.224] [INFO] Server - GET undefined /api/migrate/securityKeys/log
[2023-06-09T16:04:45.424] [INFO] Server - GET undefined /api/migrate/securityKeys/log
[2023-06-09T16:04:45.623] [INFO] Server - GET undefined /api/migrate/securityKeys/log
[2023-06-09T16:04:45.824] [INFO] Server - GET undefined /api/migrate/securityKeys/log
[2023-06-09T16:04:46.021] [INFO] Server - GET undefined /api/migrate/securityKeys/log
[2023-06-09T16:04:46.229] [INFO] Server - GET undefined /api/migrate/securityKeys/log
[2023-06-09T16:04:46.424] [INFO] Server - GET undefined /api/migrate/securityKeys/log
[2023-06-09T16:04:46.621] [INFO] Server - GET undefined /api/migrate/securityKeys/log
[2023-06-09T16:04:46.823] [INFO] Server - GET undefined /api/migrate/securityKeys/log
[2023-06-09T16:04:47.025] [INFO] Server - GET undefined /api/migrate/securityKeys/log
[2023-06-09T16:04:47.226] [INFO] Server - GET undefined /api/migrate/securityKeys/log
[2023-06-09T16:04:47.427] [INFO] Server - GET undefined /api/migrate/securityKeys/log
[2023-06-09T16:04:47.628] [INFO] Server - GET undefined /api/migrate/securityKeys/log
[2023-06-09T16:04:47.827] [INFO] Server - GET undefined /api/migrate/securityKeys/log
[2023-06-09T16:04:48.026] [INFO] Server - GET undefined /api/migrate/securityKeys/log
[2023-06-09T16:04:48.223] [INFO] Server - GET undefined /api/migrate/securityKeys/log
[2023-06-09T16:04:48.423] [INFO] Server - GET undefined /api/migrate/securityKeys/log
[2023-06-09T16:04:48.627] [INFO] Server - GET undefined /api/migrate/securityKeys/log
[2023-06-09T16:04:48.823] [INFO] Server - GET undefined /api/migrate/securityKeys/log
[2023-06-09T16:04:49.023] [INFO] Server - GET undefined /api/migrate/securityKeys/log
[2023-06-09T16:04:49.221] [INFO] Server - GET undefined /api/migrate/securityKeys/log
[2023-06-09T16:04:49.430] [INFO] Server - GET undefined /api/migrate/securityKeys/log
[2023-06-09T16:04:49.627] [INFO] Server - GET undefined /api/migrate/securityKeys/log
[2023-06-09T16:04:49.824] [INFO] Server - GET undefined /api/migrate/securityKeys/log
[2023-06-09T16:04:50.034] [INFO] Server - GET undefined /api/migrate/securityKeys/log
[2023-06-09T16:04:50.221] [INFO] Server - GET undefined /api/migrate/securityKeys/log
[2023-06-09T16:04:50.424] [INFO] Server - GET undefined /api/migrate/securityKeys/log
[2023-06-09T16:04:50.621] [INFO] Server - GET undefined /api/migrate/securityKeys/log
[2023-06-09T16:04:50.823] [INFO] Server - GET undefined /api/migrate/securityKeys/log
[2023-06-09T16:04:51.024] [INFO] Server - GET undefined /api/migrate/securityKeys/log
[2023-06-09T16:04:51.227] [INFO] Server - GET undefined /api/migrate/securityKeys/log
[2023-06-09T16:04:51.439] [INFO] Server - GET undefined /api/migrate/securityKeys/log
[2023-06-09T16:04:51.636] [INFO] Server - GET undefined /api/migrate/securityKeys/log
[2023-06-09T16:04:51.824] [INFO] Server - GET undefined /api/migrate/securityKeys/log
[2023-06-09T16:04:52.028] [INFO] Server - GET undefined /api/migrate/securityKeys/log
[2023-06-09T16:04:52.225] [INFO] Server - GET undefined /api/migrate/securityKeys/log
[2023-06-09T16:04:52.422] [INFO] Server - GET undefined /api/migrate/securityKeys/log
[2023-06-09T16:04:52.623] [INFO] Server - GET undefined /api/migrate/securityKeys/log
[2023-06-09T16:04:52.823] [INFO] Server - GET undefined /api/migrate/securityKeys/log
[2023-06-09T16:04:53.025] [INFO] Server - GET undefined /api/migrate/securityKeys/log
[2023-06-09T16:04:53.233] [INFO] Server - GET undefined /api/migrate/securityKeys/log
[2023-06-09T16:04:53.426] [INFO] Server - GET undefined /api/migrate/securityKeys/log
[2023-06-09T16:04:53.621] [INFO] Server - GET undefined /api/migrate/securityKeys/log
[2023-06-09T16:04:53.828] [INFO] Server - GET undefined /api/migrate/securityKeys/log
[2023-06-09T16:04:54.040] [INFO] Server - GET undefined /api/migrate/securityKeys/log
[2023-06-09T16:04:54.226] [INFO] Server - GET undefined /api/migrate/securityKeys/log
[2023-06-09T16:04:54.426] [INFO] Server - GET undefined /api/migrate/securityKeys/log
[2023-06-09T16:04:54.631] [INFO] Server - GET undefined /api/migrate/securityKeys/log
[2023-06-09T16:04:54.826] [INFO] Server - GET undefined /api/migrate/securityKeys/log
[2023-06-09T16:04:55.022] [INFO] Server - GET undefined /api/migrate/securityKeys/log
[2023-06-09T16:04:55.224] [INFO] Server - GET undefined /api/migrate/securityKeys/log
[2023-06-09T16:04:55.426] [INFO] Server - GET undefined /api/migrate/securityKeys/log
[2023-06-09T16:04:55.622] [INFO] Server - GET undefined /api/migrate/securityKeys/log
[2023-06-09T16:04:55.825] [INFO] Server - GET undefined /api/migrate/securityKeys/log
[2023-06-09T16:04:56.029] [INFO] Server - GET undefined /api/migrate/securityKeys/log
[2023-06-09T16:04:56.223] [INFO] Server - GET undefined /api/migrate/securityKeys/log
[2023-06-09T16:04:56.426] [INFO] Server - GET undefined /api/migrate/securityKeys/log
[2023-06-09T16:04:56.627] [INFO] Server - GET undefined /api/migrate/securityKeys/log
[2023-06-09T16:04:56.826] [INFO] Server - GET undefined /api/migrate/securityKeys/log
[2023-06-09T16:04:57.025] [INFO] Server - GET undefined /api/migrate/securityKeys/log
[2023-06-09T16:04:57.223] [INFO] Server - GET undefined /api/migrate/securityKeys/log
[2023-06-09T16:04:57.431] [INFO] Server - GET undefined /api/migrate/securityKeys/log
[2023-06-09T16:04:57.629] [INFO] Server - GET undefined /api/migrate/securityKeys/log
[2023-06-09T16:04:57.829] [INFO] Server - GET undefined /api/migrate/securityKeys/log
[2023-06-09T16:04:58.028] [INFO] Server - GET undefined /api/migrate/securityKeys/log
[2023-06-09T16:04:58.227] [INFO] Server - GET undefined /api/migrate/securityKeys/log
[2023-06-09T16:04:58.424] [INFO] Server - GET undefined /api/migrate/securityKeys/log
[2023-06-09T16:04:58.628] [INFO] Server - GET undefined /api/migrate/securityKeys/log
[2023-06-09T16:04:58.824] [INFO] Server - GET undefined /api/migrate/securityKeys/log
[2023-06-09T16:04:59.024] [INFO] Server - GET undefined /api/migrate/securityKeys/log
[2023-06-09T16:04:59.233] [INFO] Server - GET undefined /api/migrate/securityKeys/log
[2023-06-09T16:04:59.428] [INFO] Server - GET undefined /api/migrate/securityKeys/log
[2023-06-09T16:04:59.629] [INFO] Server - GET undefined /api/migrate/securityKeys/log
[2023-06-09T16:04:59.822] [INFO] Server - GET undefined /api/migrate/securityKeys/log
[2023-06-09T16:05:00.025] [INFO] Server - GET undefined /api/migrate/securityKeys/log
[2023-06-09T16:05:00.228] [INFO] Server - GET undefined /api/migrate/securityKeys/log
[2023-06-09T16:05:00.428] [INFO] Server - GET undefined /api/migrate/securityKeys/log
[2023-06-09T16:05:00.629] [INFO] Server - GET undefined /api/migrate/securityKeys/log
[2023-06-09T16:05:02.390] [INFO] Server - GET undefined /favicon.ico
[2023-06-09T16:05:06.635] [INFO] Server - GET undefined /favicon.ico
[2023-06-09T16:05:07.371] [INFO] Server - GET undefined /favicon.ico
[2023-06-09T16:05:07.749] [INFO] Server - GET undefined /favicon.ico
[2023-06-09T16:05:07.937] [INFO] Server - GET undefined /favicon.ico
[2023-06-09T16:05:11.744] [INFO] Server - POST undefined /api/migrate/securityKeys
[2023-06-09T16:05:12.011] [INFO] Server - GET undefined /api/migrate/securityKeys/log
[2023-06-09T16:06:22.149] [INFO] Server - POST undefined /api/migrate/securityKeys
[2023-06-09T16:06:22.474] [INFO] Server - GET undefined /api/migrate/securityKeys/log
[2023-06-09T16:06:22.549] [INFO] Server - GET undefined /api/migrate/securityKeys/log
[2023-06-09T16:06:22.749] [INFO] Server - GET undefined /api/migrate/securityKeys/log
[2023-06-09T16:06:22.955] [INFO] Server - GET undefined /api/migrate/securityKeys/log
[2023-06-09T16:06:23.154] [INFO] Server - GET undefined /api/migrate/securityKeys/log
[2023-06-09T16:06:23.356] [INFO] Server - GET undefined /api/migrate/securityKeys/log
[2023-06-09T16:06:23.551] [INFO] Server - GET undefined /api/migrate/securityKeys/log
[2023-06-09T16:06:23.752] [INFO] Server - GET undefined /api/migrate/securityKeys/log
[2023-06-09T16:06:23.955] [INFO] Server - GET undefined /api/migrate/securityKeys/log
[2023-06-09T16:06:24.152] [INFO] Server - GET undefined /api/migrate/securityKeys/log
[2023-06-09T16:06:24.352] [INFO] Server - GET undefined /api/migrate/securityKeys/log
[2023-06-09T16:06:24.556] [INFO] Server - GET undefined /api/migrate/securityKeys/log
[2023-06-09T16:06:24.752] [INFO] Server - GET undefined /api/migrate/securityKeys/log
[2023-06-09T16:06:24.954] [INFO] Server - GET undefined /api/migrate/securityKeys/log
[2023-06-09T16:06:25.151] [INFO] Server - GET undefined /api/migrate/securityKeys/log
[2023-06-09T16:06:25.351] [INFO] Server - GET undefined /api/migrate/securityKeys/log
[2023-06-09T16:06:25.552] [INFO] Server - GET undefined /api/migrate/securityKeys/log
[2023-06-09T16:06:25.752] [INFO] Server - GET undefined /api/migrate/securityKeys/log
[2023-06-09T16:06:25.972] [INFO] Server - GET undefined /api/migrate/securityKeys/log
[2023-06-09T16:06:26.153] [INFO] Server - GET undefined /api/migrate/securityKeys/log
[2023-06-09T16:06:26.354] [INFO] Server - GET undefined /api/migrate/securityKeys/log
[2023-06-09T16:06:26.547] [INFO] Server - GET undefined /api/migrate/securityKeys/log
[2023-06-09T16:06:26.753] [INFO] Server - GET undefined /api/migrate/securityKeys/log
[2023-06-09T16:06:26.953] [INFO] Server - GET undefined /api/migrate/securityKeys/log
[2023-06-09T16:06:27.155] [INFO] Server - GET undefined /api/migrate/securityKeys/log
[2023-06-09T16:06:27.353] [INFO] Server - GET undefined /api/migrate/securityKeys/log
[2023-06-09T16:06:27.552] [INFO] Server - GET undefined /api/migrate/securityKeys/log
[2023-06-09T16:06:27.756] [INFO] Server - GET undefined /api/migrate/securityKeys/log
[2023-06-09T16:06:27.958] [INFO] Server - GET undefined /api/migrate/securityKeys/log
[2023-06-09T16:06:28.155] [INFO] Server - GET undefined /api/migrate/securityKeys/log
[2023-06-09T16:06:28.355] [INFO] Server - GET undefined /api/migrate/securityKeys/log
[2023-06-09T16:06:28.554] [INFO] Server - GET undefined /api/migrate/securityKeys/log
[2023-06-09T16:06:28.754] [INFO] Server - GET undefined /api/migrate/securityKeys/log
[2023-06-09T16:06:28.960] [INFO] Server - GET undefined /api/migrate/securityKeys/log
[2023-06-09T16:06:29.152] [INFO] Server - GET undefined /api/migrate/securityKeys/log
[2023-06-09T16:06:29.356] [INFO] Server - GET undefined /api/migrate/securityKeys/log
[2023-06-09T16:06:29.555] [INFO] Server - GET undefined /api/migrate/securityKeys/log
[2023-06-09T16:06:29.755] [INFO] Server - GET undefined /api/migrate/securityKeys/log
[2023-06-09T16:06:29.957] [INFO] Server - GET undefined /api/migrate/securityKeys/log
[2023-06-09T16:06:30.155] [INFO] Server - GET undefined /api/migrate/securityKeys/log
[2023-06-09T16:06:30.355] [INFO] Server - GET undefined /api/migrate/securityKeys/log
[2023-06-09T16:06:30.554] [INFO] Server - GET undefined /api/migrate/securityKeys/log
[2023-06-09T16:06:30.755] [INFO] Server - GET undefined /api/migrate/securityKeys/log
[2023-06-09T16:06:30.948] [INFO] Server - GET undefined /api/migrate/securityKeys/log
[2023-06-09T16:06:31.159] [INFO] Server - GET undefined /api/migrate/securityKeys/log
[2023-06-09T16:06:31.355] [INFO] Server - GET undefined /api/migrate/securityKeys/log
[2023-06-09T16:06:31.555] [INFO] Server - GET undefined /api/migrate/securityKeys/log
[2023-06-09T16:06:31.748] [INFO] Server - GET undefined /api/migrate/securityKeys/log
[2023-06-09T16:06:31.949] [INFO] Server - GET undefined /api/migrate/securityKeys/log
[2023-06-09T16:06:32.156] [INFO] Server - GET undefined /api/migrate/securityKeys/log
[2023-06-09T16:06:32.355] [INFO] Server - GET undefined /api/migrate/securityKeys/log
[2023-06-09T16:06:32.555] [INFO] Server - GET undefined /api/migrate/securityKeys/log
[2023-06-09T16:06:32.754] [INFO] Server - GET undefined /api/migrate/securityKeys/log
[2023-06-09T16:06:32.958] [INFO] Server - GET undefined /api/migrate/securityKeys/log
[2023-06-09T16:06:33.153] [INFO] Server - GET undefined /api/migrate/securityKeys/log
[2023-06-09T16:06:33.355] [INFO] Server - GET undefined /api/migrate/securityKeys/log
[2023-06-09T16:06:33.579] [INFO] Server - GET undefined /api/migrate/securityKeys/log
[2023-06-09T16:06:33.757] [INFO] Server - GET undefined /api/migrate/securityKeys/log
[2023-06-09T16:06:33.956] [INFO] Server - GET undefined /api/migrate/securityKeys/log
[2023-06-09T16:06:34.164] [INFO] Server - GET undefined /api/migrate/securityKeys/log
[2023-06-09T16:06:34.353] [INFO] Server - GET undefined /api/migrate/securityKeys/log
[2023-06-09T16:06:34.554] [INFO] Server - GET undefined /api/migrate/securityKeys/log
[2023-06-09T16:07:06.474] [INFO] Server - Server is listening on port 3000
[2023-06-09T16:07:06.562] [INFO] Server - GET undefined /api/migrate/securityKeys/log
[2023-06-09T16:07:06.754] [INFO] Server - GET undefined /api/migrate/securityKeys/log
[2023-06-09T16:07:06.955] [INFO] Server - GET undefined /api/migrate/securityKeys/log
[2023-06-09T16:07:07.156] [INFO] Server - GET undefined /api/migrate/securityKeys/log
[2023-06-09T16:07:07.358] [INFO] Server - GET undefined /api/migrate/securityKeys/log
[2023-06-09T16:07:07.575] [INFO] Server - GET undefined /api/migrate/securityKeys/log
[2023-06-09T16:07:07.755] [INFO] Server - GET undefined /api/migrate/securityKeys/log
[2023-06-09T16:07:14.898] [INFO] Server - POST undefined /api/migrate/securityKeys
[2023-06-09T16:07:15.087] [INFO] Server - GET undefined /api/migrate/securityKeys/log
[2023-06-09T16:07:15.293] [INFO] Server - GET undefined /api/migrate/securityKeys/log
[2023-06-09T16:07:15.490] [INFO] Server - GET undefined /api/migrate/securityKeys/log
[2023-06-09T16:07:15.689] [INFO] Server - GET undefined /api/migrate/securityKeys/log
[2023-06-09T16:07:15.887] [INFO] Server - GET undefined /api/migrate/securityKeys/log
[2023-06-09T16:07:16.085] [INFO] Server - GET undefined /api/migrate/securityKeys/log
[2023-06-09T16:07:16.286] [INFO] Server - GET undefined /api/migrate/securityKeys/log
[2023-06-09T16:07:16.511] [INFO] Server - GET undefined /api/migrate/securityKeys/log
[2023-06-09T16:07:16.686] [INFO] Server - GET undefined /api/migrate/securityKeys/log
[2023-06-09T16:07:16.888] [INFO] Server - GET undefined /api/migrate/securityKeys/log
[2023-06-09T16:07:17.086] [INFO] Server - GET undefined /api/migrate/securityKeys/log
[2023-06-09T16:07:17.286] [INFO] Server - GET undefined /api/migrate/securityKeys/log
[2023-06-09T16:07:17.485] [INFO] Server - GET undefined /api/migrate/securityKeys/log
[2023-06-09T16:07:17.690] [INFO] Server - GET undefined /api/migrate/securityKeys/log
[2023-06-09T16:07:17.897] [INFO] Server - GET undefined /api/migrate/securityKeys/log
[2023-06-09T16:07:18.087] [INFO] Server - GET undefined /api/migrate/securityKeys/log
[2023-06-09T16:07:18.322] [INFO] Server - GET undefined /api/migrate/securityKeys/log
[2023-06-09T16:07:18.491] [INFO] Server - GET undefined /api/migrate/securityKeys/log
[2023-06-09T16:07:18.689] [INFO] Server - GET undefined /api/migrate/securityKeys/log
[2023-06-09T16:07:18.891] [INFO] Server - GET undefined /api/migrate/securityKeys/log
[2023-06-09T16:07:19.089] [INFO] Server - GET undefined /api/migrate/securityKeys/log
[2023-06-09T16:07:19.285] [INFO] Server - GET undefined /api/migrate/securityKeys/log
